<?xml version="1.0" encoding="UTF-8"?>
<!-- Generated by org.testng.reporters.JUnitReportReporter -->
<testsuite hostname="LAPTOP-EFBOGEN7" failures="0" tests="5" name="magentoWebsiteTestingg.MyFirstTest" time="11.993" errors="0" timestamp="2024-08-13T03:07:21 EET" skipped="4">
  <testcase classname="magentoWebsiteTestingg.MyFirstTest" name="addWomenitem" time="11.993"/>
  <system-out/>
  <testcase classname="magentoWebsiteTestingg.MyFirstTest" name="LoginTest">
    <skipped/>
  </testcase> <!-- LoginTest -->
  <system-out/>
  <testcase classname="magentoWebsiteTestingg.MyFirstTest" name="addMenitem">
    <skipped/>
  </testcase> <!-- addMenitem -->
  <system-out/>
  <testcase classname="magentoWebsiteTestingg.MyFirstTest" name="createAnaccount">
    <skipped/>
  </testcase> <!-- createAnaccount -->
  <system-out/>
  <testcase classname="magentoWebsiteTestingg.MyFirstTest" name="LogoutTest">
    <skipped/>
  </testcase> <!-- LogoutTest -->
  <system-out/>
</testsuite> <!-- magentoWebsiteTestingg.MyFirstTest -->
